2014/10/13 10:45:33 [error] [php] Non-static method UFactory::getModuleAlias() should not be called statically, assuming $this from incompatible context (E:\Workplace\wamp\www\couponic\framework\uniprogy\framework\worklets\UWorkletConstructor.php:254)
Stack trace:
#0 E:\Workplace\wamp\www\couponic\framework\uniprogy\framework\worklets\UWorkletConstructor.php(87): UWorkletConstructor->run()
#1 E:\Workplace\wamp\www\couponic\framework\uniprogy\framework\worklets\UWorkletManager.php(76): get()
#2 E:\Workplace\wamp\www\couponic\framework\uniprogy\framework\yii\web\UWebApplication.php(45): UWorkletManager->get()
#3 E:\Workplace\wamp\www\couponic\framework\yii\framework\base\CApplication.php(144): UApp->init()
#4 E:\Workplace\wamp\www\couponic\framework\uniprogy\framework\yii\web\UWebApplication.php(27): UApp->__construct()
#5 E:\Workplace\wamp\www\couponic\framework\yii\framework\YiiBase.php(128): UApp->__construct()
#6 E:\Workplace\wamp\www\couponic\index.php(12): createApplication()
REQUEST_URI=/couponic/
2014/10/13 11:01:27 [error] [php] Declaration of UWorkletAccessRule::isUserAllowed() should be compatible with CAccessRule::isUserAllowed($user, $controller, $action, $ip, $verb) (E:\Workplace\wamp\www\couponic\framework\uniprogy\framework\worklets\UWorkletAccessRule.php:20)
Stack trace:
#0 E:\Workplace\wamp\www\couponic\framework\uniprogy\framework\worklets\UWidgetWorklet.php(132): spl_autoload_call()
#1 unknown(0): WBaseIndex->taskAccess()
#2 E:\Workplace\wamp\www\couponic\framework\uniprogy\framework\worklets\UWorklet.php(94): call_user_func_array()
#3 E:\Workplace\wamp\www\couponic\framework\uniprogy\framework\worklets\UWorkletManager.php(126): WBaseIndex->__call()
#4 E:\Workplace\wamp\www\couponic\framework\uniprogy\framework\worklets\UWorkletManager.php(126): WBaseIndex->access()
#5 E:\Workplace\wamp\www\couponic\framework\uniprogy\framework\worklets\UWorkletManager.php(99): UWorkletManager->add()
#6 E:\Workplace\wamp\www\couponic\protected\modules\base\worklets\WBaseInit.php(82): UWorkletManager->addCurrent()
#7 unknown(0): WBaseInit->taskWorklet()
#8 E:\Workplace\wamp\www\couponic\framework\uniprogy\framework\worklets\UWorklet.php(94): call_user_func_array()
#9 E:\Workplace\wamp\www\couponic\protected\modules\base\worklets\WBaseInit.php(39): WBaseInit->__call()
#10 E:\Workplace\wamp\www\couponic\protected\modules\base\worklets\WBaseInit.php(39): WBaseInit->worklet()
#11 unknown(0): WBaseInit->taskBuild()
#12 E:\Workplace\wamp\www\couponic\framework\uniprogy\framework\worklets\UWorklet.php(94): call_user_func_array()
#13 E:\Workplace\wamp\www\couponic\framework\uniprogy\framework\yii\web\actions\UAction.php(28): WBaseInit->__call()
#14 E:\Workplace\wamp\www\couponic\framework\uniprogy\framework\yii\web\actions\UAction.php(28): WBaseInit->build()
#15 E:\Workplace\wamp\www\couponic\framework\yii\framework\web\actions\CAction.php(72): UAction->run()
#16 E:\Workplace\wamp\www\couponic\framework\yii\framework\web\CController.php(300): UAction->runWithParams()
#17 E:\Workplace\wamp\www\couponic\framework\yii\framework\web\filters\CFilterChain.php(134): DefaultController->runAction()
#18 E:\Workplace\wamp\www\couponic\framework\yii\framework\web\filters\CFilter.php(41): CFilterChain->run()
#19 E:\Workplace\wamp\www\couponic\framework\yii\framework\web\filters\CFilterChain.php(131): UAccessFilter->filter()
#20 E:\Workplace\wamp\www\couponic\framework\yii\framework\web\CController.php(283): CFilterChain->run()
#21 E:\Workplace\wamp\www\couponic\framework\yii\framework\web\CController.php(257): DefaultController->runActionWithFilters()
#22 E:\Workplace\wamp\www\couponic\framework\yii\framework\web\CWebApplication.php(277): DefaultController->run()
#23 E:\Workplace\wamp\www\couponic\framework\yii\framework\web\CWebApplication.php(136): UApp->runController()
#24 E:\Workplace\wamp\www\couponic\framework\yii\framework\base\CApplication.php(158): UApp->processRequest()
#25 E:\Workplace\wamp\www\couponic\index.php(12): UApp->run()
REQUEST_URI=/couponic/
2014/10/13 11:02:02 [error] [php] Declaration of UWorkletAccessRule::isUserAllowed() should be compatible with CAccessRule::isUserAllowed($user, $controller, $action, $ip, $verb) (E:\Workplace\wamp\www\couponic\framework\uniprogy\framework\worklets\UWorkletAccessRule.php:20)
Stack trace:
#0 E:\Workplace\wamp\www\couponic\framework\uniprogy\framework\worklets\UWidgetWorklet.php(132): spl_autoload_call()
#1 unknown(0): WBaseIndex->taskAccess()
#2 E:\Workplace\wamp\www\couponic\framework\uniprogy\framework\worklets\UWorklet.php(94): call_user_func_array()
#3 E:\Workplace\wamp\www\couponic\framework\uniprogy\framework\worklets\UWorkletManager.php(126): WBaseIndex->__call()
#4 E:\Workplace\wamp\www\couponic\framework\uniprogy\framework\worklets\UWorkletManager.php(126): WBaseIndex->access()
#5 E:\Workplace\wamp\www\couponic\framework\uniprogy\framework\worklets\UWorkletManager.php(99): UWorkletManager->add()
#6 E:\Workplace\wamp\www\couponic\protected\modules\base\worklets\WBaseInit.php(82): UWorkletManager->addCurrent()
#7 unknown(0): WBaseInit->taskWorklet()
#8 E:\Workplace\wamp\www\couponic\framework\uniprogy\framework\worklets\UWorklet.php(94): call_user_func_array()
#9 E:\Workplace\wamp\www\couponic\protected\modules\base\worklets\WBaseInit.php(39): WBaseInit->__call()
#10 E:\Workplace\wamp\www\couponic\protected\modules\base\worklets\WBaseInit.php(39): WBaseInit->worklet()
#11 unknown(0): WBaseInit->taskBuild()
#12 E:\Workplace\wamp\www\couponic\framework\uniprogy\framework\worklets\UWorklet.php(94): call_user_func_array()
#13 E:\Workplace\wamp\www\couponic\framework\uniprogy\framework\yii\web\actions\UAction.php(28): WBaseInit->__call()
#14 E:\Workplace\wamp\www\couponic\framework\uniprogy\framework\yii\web\actions\UAction.php(28): WBaseInit->build()
#15 E:\Workplace\wamp\www\couponic\framework\yii\framework\web\actions\CAction.php(72): UAction->run()
#16 E:\Workplace\wamp\www\couponic\framework\yii\framework\web\CController.php(300): UAction->runWithParams()
#17 E:\Workplace\wamp\www\couponic\framework\yii\framework\web\filters\CFilterChain.php(134): DefaultController->runAction()
#18 E:\Workplace\wamp\www\couponic\framework\yii\framework\web\filters\CFilter.php(41): CFilterChain->run()
#19 E:\Workplace\wamp\www\couponic\framework\yii\framework\web\filters\CFilterChain.php(131): UAccessFilter->filter()
#20 E:\Workplace\wamp\www\couponic\framework\yii\framework\web\CController.php(283): CFilterChain->run()
#21 E:\Workplace\wamp\www\couponic\framework\yii\framework\web\CController.php(257): DefaultController->runActionWithFilters()
#22 E:\Workplace\wamp\www\couponic\framework\yii\framework\web\CWebApplication.php(277): DefaultController->run()
#23 E:\Workplace\wamp\www\couponic\framework\yii\framework\web\CWebApplication.php(136): UApp->runController()
#24 E:\Workplace\wamp\www\couponic\framework\yii\framework\base\CApplication.php(158): UApp->processRequest()
#25 E:\Workplace\wamp\www\couponic\index.php(12): UApp->run()
REQUEST_URI=/couponic/
2014/10/13 11:58:21 [error] [php] Declaration of UWorkletAccessRule::isUserAllowed() should be compatible with that of CAccessRule::isUserAllowed() (E:\Workplace\xampp177\htdocs\couponic\framework\uniprogy\framework\worklets\UWorkletAccessRule.php:20)
Stack trace:
#0 E:\Workplace\xampp177\htdocs\couponic\framework\uniprogy\framework\worklets\UWidgetWorklet.php(132): spl_autoload_call()
#1 unknown(0): WBaseIndex->taskAccess()
#2 E:\Workplace\xampp177\htdocs\couponic\framework\uniprogy\framework\worklets\UWorklet.php(94): call_user_func_array()
#3 E:\Workplace\xampp177\htdocs\couponic\framework\uniprogy\framework\worklets\UWorkletManager.php(126): WBaseIndex->__call()
#4 E:\Workplace\xampp177\htdocs\couponic\framework\uniprogy\framework\worklets\UWorkletManager.php(126): WBaseIndex->access()
#5 E:\Workplace\xampp177\htdocs\couponic\framework\uniprogy\framework\worklets\UWorkletManager.php(99): UWorkletManager->add()
#6 E:\Workplace\xampp177\htdocs\couponic\protected\modules\base\worklets\WBaseInit.php(82): UWorkletManager->addCurrent()
#7 unknown(0): WBaseInit->taskWorklet()
#8 E:\Workplace\xampp177\htdocs\couponic\framework\uniprogy\framework\worklets\UWorklet.php(94): call_user_func_array()
#9 E:\Workplace\xampp177\htdocs\couponic\protected\modules\base\worklets\WBaseInit.php(39): WBaseInit->__call()
#10 E:\Workplace\xampp177\htdocs\couponic\protected\modules\base\worklets\WBaseInit.php(39): WBaseInit->worklet()
#11 unknown(0): WBaseInit->taskBuild()
#12 E:\Workplace\xampp177\htdocs\couponic\framework\uniprogy\framework\worklets\UWorklet.php(94): call_user_func_array()
#13 E:\Workplace\xampp177\htdocs\couponic\framework\uniprogy\framework\yii\web\actions\UAction.php(28): WBaseInit->__call()
#14 E:\Workplace\xampp177\htdocs\couponic\framework\uniprogy\framework\yii\web\actions\UAction.php(28): WBaseInit->build()
#15 E:\Workplace\xampp177\htdocs\couponic\framework\yii\framework\web\actions\CAction.php(72): UAction->run()
#16 E:\Workplace\xampp177\htdocs\couponic\framework\yii\framework\web\CController.php(300): UAction->runWithParams()
#17 E:\Workplace\xampp177\htdocs\couponic\framework\yii\framework\web\filters\CFilterChain.php(134): DefaultController->runAction()
#18 E:\Workplace\xampp177\htdocs\couponic\framework\yii\framework\web\filters\CFilter.php(41): CFilterChain->run()
#19 E:\Workplace\xampp177\htdocs\couponic\framework\yii\framework\web\filters\CFilterChain.php(131): UAccessFilter->filter()
#20 E:\Workplace\xampp177\htdocs\couponic\framework\yii\framework\web\CController.php(283): CFilterChain->run()
#21 E:\Workplace\xampp177\htdocs\couponic\framework\yii\framework\web\CController.php(257): DefaultController->runActionWithFilters()
#22 E:\Workplace\xampp177\htdocs\couponic\framework\yii\framework\web\CWebApplication.php(277): DefaultController->run()
#23 E:\Workplace\xampp177\htdocs\couponic\framework\yii\framework\web\CWebApplication.php(136): UApp->runController()
#24 E:\Workplace\xampp177\htdocs\couponic\framework\yii\framework\base\CApplication.php(158): UApp->processRequest()
#25 E:\Workplace\xampp177\htdocs\couponic\index.php(12): UApp->run()
REQUEST_URI=/couponic/
